{"C:\\Users\\bladi\\OneDrive\\Documentos\\Documentos BCL\\Cursos\\Full-Stack\\Full-Stack FrontEnd\\17 React\\12 Admin Productos_React_TS_PERN\\Backend\\src\\router.ts": {"path":"C:\\Users\\bladi\\OneDrive\\Documentos\\Documentos BCL\\Cursos\\Full-Stack\\Full-Stack FrontEnd\\17 React\\12 Admin Productos_React_TS_PERN\\Backend\\src\\router.ts","statementMap":{"0":{"start":{"line":2,"column":0},"end":{"line":2,"column":32}},"1":{"start":{"line":3,"column":0},"end":{"line":3,"column":null}},"2":{"start":{"line":6,"column":15},"end":{"line":6,"column":23}},"3":{"start":{"line":9,"column":0},"end":{"line":9,"column":29}},"4":{"start":{"line":12,"column":0},"end":{"line":12,"column":35}},"5":{"start":{"line":15,"column":0},"end":{"line":15,"column":32}},"6":{"start":{"line":18,"column":0},"end":{"line":18,"column":34}},"7":{"start":{"line":21,"column":0},"end":{"line":21,"column":41}},"8":{"start":{"line":24,"column":0},"end":{"line":24,"column":37}},"9":{"start":{"line":26,"column":0},"end":{"line":26,"column":22}}},"fnMap":{},"branchMap":{},"s":{"0":2,"1":2,"2":2,"3":2,"4":2,"5":2,"6":2,"7":2,"8":2,"9":2},"f":{},"b":{}}
,"C:\\Users\\bladi\\OneDrive\\Documentos\\Documentos BCL\\Cursos\\Full-Stack\\Full-Stack FrontEnd\\17 React\\12 Admin Productos_React_TS_PERN\\Backend\\src\\server.ts": {"path":"C:\\Users\\bladi\\OneDrive\\Documentos\\Documentos BCL\\Cursos\\Full-Stack\\Full-Stack FrontEnd\\17 React\\12 Admin Productos_React_TS_PERN\\Backend\\src\\server.ts","statementMap":{"0":{"start":{"line":2,"column":0},"end":{"line":2,"column":29}},"1":{"start":{"line":3,"column":0},"end":{"line":3,"column":27}},"2":{"start":{"line":4,"column":0},"end":{"line":4,"column":29}},"3":{"start":{"line":5,"column":0},"end":{"line":5,"column":28}},"4":{"start":{"line":8,"column":15},"end":{"line":8,"column":24}},"5":{"start":{"line":11,"column":0},"end":{"line":11,"column":27}},"6":{"start":{"line":15,"column":4},"end":{"line":22,"column":5}},"7":{"start":{"line":16,"column":8},"end":{"line":16,"column":32}},"8":{"start":{"line":17,"column":8},"end":{"line":17,"column":18}},"9":{"start":{"line":18,"column":8},"end":{"line":18,"column":75}},"10":{"start":{"line":19,"column":8},"end":{"line":19,"column":88}},"11":{"start":{"line":21,"column":8},"end":{"line":21,"column":82}},"12":{"start":{"line":24,"column":0},"end":{"line":24,"column":12}},"13":{"start":{"line":27,"column":0},"end":{"line":27,"column":36}},"14":{"start":{"line":30,"column":0},"end":{"line":35,"column":3}},"15":{"start":{"line":31,"column":4},"end":{"line":34,"column":null}},"16":{"start":{"line":37,"column":0},"end":{"line":37,"column":22}}},"fnMap":{"0":{"name":"connectDB","decl":{"start":{"line":14,"column":15},"end":{"line":14,"column":24}},"loc":{"start":{"line":14,"column":24},"end":{"line":23,"column":1}}},"1":{"name":"(anonymous_2)","decl":{"start":{"line":30,"column":19},"end":{"line":30,"column":20}},"loc":{"start":{"line":30,"column":32},"end":{"line":35,"column":1}}}},"branchMap":{},"s":{"0":2,"1":2,"2":2,"3":2,"4":2,"5":2,"6":2,"7":2,"8":1,"9":1,"10":1,"11":0,"12":2,"13":2,"14":2,"15":1,"16":2},"f":{"0":2,"1":1},"b":{}}
,"C:\\Users\\bladi\\OneDrive\\Documentos\\Documentos BCL\\Cursos\\Full-Stack\\Full-Stack FrontEnd\\17 React\\12 Admin Productos_React_TS_PERN\\Backend\\src\\config\\db.ts": {"path":"C:\\Users\\bladi\\OneDrive\\Documentos\\Documentos BCL\\Cursos\\Full-Stack\\Full-Stack FrontEnd\\17 React\\12 Admin Productos_React_TS_PERN\\Backend\\src\\config\\db.ts","statementMap":{"0":{"start":{"line":2,"column":0},"end":{"line":2,"column":48}},"1":{"start":{"line":3,"column":0},"end":{"line":3,"column":28}},"2":{"start":{"line":5,"column":0},"end":{"line":5,"column":17}},"3":{"start":{"line":16,"column":11},"end":{"line":18,"column":2}},"4":{"start":{"line":20,"column":0},"end":{"line":20,"column":18}}},"fnMap":{},"branchMap":{},"s":{"0":2,"1":2,"2":2,"3":2,"4":2},"f":{},"b":{}}
,"C:\\Users\\bladi\\OneDrive\\Documentos\\Documentos BCL\\Cursos\\Full-Stack\\Full-Stack FrontEnd\\17 React\\12 Admin Productos_React_TS_PERN\\Backend\\src\\handlers\\product.ts": {"path":"C:\\Users\\bladi\\OneDrive\\Documentos\\Documentos BCL\\Cursos\\Full-Stack\\Full-Stack FrontEnd\\17 React\\12 Admin Productos_React_TS_PERN\\Backend\\src\\handlers\\product.ts","statementMap":{"0":{"start":{"line":3,"column":0},"end":{"line":3,"column":65}},"1":{"start":{"line":4,"column":0},"end":{"line":4,"column":39}},"2":{"start":{"line":5,"column":0},"end":{"line":5,"column":27}},"3":{"start":{"line":8,"column":20},"end":{"line":25,"column":1}},"4":{"start":{"line":10,"column":4},"end":{"line":24,"column":5}},"5":{"start":{"line":12,"column":25},"end":{"line":14,"column":10}},"6":{"start":{"line":15,"column":8},"end":{"line":15,"column":62}},"7":{"start":{"line":17,"column":8},"end":{"line":21,"column":11}},"8":{"start":{"line":23,"column":8},"end":{"line":23,"column":70}},"9":{"start":{"line":250,"column":4},"end":{"line":250,"column":15}},"10":{"start":{"line":28,"column":23},"end":{"line":71,"column":1}},"11":{"start":{"line":32,"column":4},"end":{"line":34,"column":22}},"12":{"start":{"line":37,"column":17},"end":{"line":37,"column":38}},"13":{"start":{"line":38,"column":4},"end":{"line":44,"column":5}},"14":{"start":{"line":39,"column":8},"end":{"line":43,"column":11}},"15":{"start":{"line":47,"column":4},"end":{"line":70,"column":5}},"16":{"start":{"line":49,"column":23},"end":{"line":49,"column":33}},"17":{"start":{"line":50,"column":24},"end":{"line":52,"column":10}},"18":{"start":{"line":53,"column":8},"end":{"line":53,"column":64}},"19":{"start":{"line":56,"column":8},"end":{"line":61,"column":9}},"20":{"start":{"line":57,"column":12},"end":{"line":60,"column":15}},"21":{"start":{"line":64,"column":8},"end":{"line":67,"column":11}},"22":{"start":{"line":69,"column":8},"end":{"line":69,"column":70}},"23":{"start":{"line":252,"column":4},"end":{"line":252,"column":18}},"24":{"start":{"line":74,"column":22},"end":{"line":106,"column":1}},"25":{"start":{"line":77,"column":4},"end":{"line":79,"column":26}},"26":{"start":{"line":80,"column":4},"end":{"line":84,"column":26}},"27":{"start":{"line":83,"column":34},"end":{"line":83,"column":43}},"28":{"start":{"line":86,"column":17},"end":{"line":86,"column":38}},"29":{"start":{"line":87,"column":4},"end":{"line":92,"column":5}},"30":{"start":{"line":88,"column":8},"end":{"line":91,"column":11}},"31":{"start":{"line":95,"column":4},"end":{"line":105,"column":5}},"32":{"start":{"line":96,"column":24},"end":{"line":96,"column":54}},"33":{"start":{"line":97,"column":8},"end":{"line":97,"column":58}},"34":{"start":{"line":99,"column":8},"end":{"line":102,"column":11}},"35":{"start":{"line":104,"column":8},"end":{"line":104,"column":70}},"36":{"start":{"line":251,"column":4},"end":{"line":251,"column":17}},"37":{"start":{"line":109,"column":22},"end":{"line":161,"column":1}},"38":{"start":{"line":112,"column":4},"end":{"line":114,"column":26}},"39":{"start":{"line":115,"column":4},"end":{"line":117,"column":26}},"40":{"start":{"line":118,"column":4},"end":{"line":122,"column":26}},"41":{"start":{"line":121,"column":34},"end":{"line":121,"column":43}},"42":{"start":{"line":123,"column":4},"end":{"line":125,"column":26}},"43":{"start":{"line":127,"column":17},"end":{"line":127,"column":38}},"44":{"start":{"line":128,"column":4},"end":{"line":133,"column":5}},"45":{"start":{"line":129,"column":8},"end":{"line":132,"column":11}},"46":{"start":{"line":136,"column":19},"end":{"line":136,"column":29}},"47":{"start":{"line":137,"column":20},"end":{"line":137,"column":46}},"48":{"start":{"line":139,"column":4},"end":{"line":144,"column":5}},"49":{"start":{"line":140,"column":8},"end":{"line":143,"column":11}},"50":{"start":{"line":147,"column":4},"end":{"line":160,"column":5}},"51":{"start":{"line":150,"column":8},"end":{"line":150,"column":39}},"52":{"start":{"line":151,"column":8},"end":{"line":151,"column":29}},"53":{"start":{"line":152,"column":8},"end":{"line":152,"column":58}},"54":{"start":{"line":154,"column":8},"end":{"line":157,"column":11}},"55":{"start":{"line":159,"column":8},"end":{"line":159,"column":70}},"56":{"start":{"line":253,"column":4},"end":{"line":253,"column":17}},"57":{"start":{"line":164,"column":27},"end":{"line":206,"column":1}},"58":{"start":{"line":167,"column":4},"end":{"line":169,"column":14}},"59":{"start":{"line":171,"column":17},"end":{"line":171,"column":38}},"60":{"start":{"line":172,"column":4},"end":{"line":177,"column":5}},"61":{"start":{"line":173,"column":8},"end":{"line":176,"column":11}},"62":{"start":{"line":180,"column":19},"end":{"line":180,"column":29}},"63":{"start":{"line":181,"column":20},"end":{"line":181,"column":46}},"64":{"start":{"line":183,"column":4},"end":{"line":188,"column":5}},"65":{"start":{"line":184,"column":8},"end":{"line":187,"column":11}},"66":{"start":{"line":191,"column":4},"end":{"line":205,"column":5}},"67":{"start":{"line":194,"column":8},"end":{"line":194,"column":64}},"68":{"start":{"line":195,"column":8},"end":{"line":195,"column":29}},"69":{"start":{"line":196,"column":8},"end":{"line":196,"column":57}},"70":{"start":{"line":198,"column":8},"end":{"line":201,"column":11}},"71":{"start":{"line":204,"column":8},"end":{"line":204,"column":70}},"72":{"start":{"line":254,"column":4},"end":{"line":254,"column":22}},"73":{"start":{"line":209,"column":22},"end":{"line":247,"column":1}},"74":{"start":{"line":212,"column":4},"end":{"line":214,"column":26}},"75":{"start":{"line":216,"column":17},"end":{"line":216,"column":38}},"76":{"start":{"line":217,"column":4},"end":{"line":222,"column":5}},"77":{"start":{"line":218,"column":8},"end":{"line":221,"column":11}},"78":{"start":{"line":225,"column":19},"end":{"line":225,"column":29}},"79":{"start":{"line":226,"column":20},"end":{"line":226,"column":46}},"80":{"start":{"line":228,"column":4},"end":{"line":233,"column":5}},"81":{"start":{"line":229,"column":8},"end":{"line":232,"column":11}},"82":{"start":{"line":236,"column":4},"end":{"line":246,"column":5}},"83":{"start":{"line":237,"column":8},"end":{"line":237,"column":32}},"84":{"start":{"line":238,"column":8},"end":{"line":238,"column":64}},"85":{"start":{"line":240,"column":8},"end":{"line":243,"column":11}},"86":{"start":{"line":245,"column":8},"end":{"line":245,"column":70}},"87":{"start":{"line":255,"column":4},"end":{"line":255,"column":17}}},"fnMap":{"0":{"name":"(anonymous_1)","decl":{"start":{"line":8,"column":20},"end":{"line":8,"column":25}},"loc":{"start":{"line":8,"column":60},"end":{"line":25,"column":1}}},"1":{"name":"(anonymous_2)","decl":{"start":{"line":28,"column":23},"end":{"line":28,"column":28}},"loc":{"start":{"line":28,"column":63},"end":{"line":71,"column":1}}},"2":{"name":"(anonymous_3)","decl":{"start":{"line":74,"column":22},"end":{"line":74,"column":27}},"loc":{"start":{"line":74,"column":62},"end":{"line":106,"column":1}}},"3":{"name":"(anonymous_4)","decl":{"start":{"line":83,"column":25},"end":{"line":83,"column":30}},"loc":{"start":{"line":83,"column":34},"end":{"line":83,"column":43}}},"4":{"name":"(anonymous_5)","decl":{"start":{"line":109,"column":22},"end":{"line":109,"column":27}},"loc":{"start":{"line":109,"column":62},"end":{"line":161,"column":1}}},"5":{"name":"(anonymous_6)","decl":{"start":{"line":121,"column":25},"end":{"line":121,"column":30}},"loc":{"start":{"line":121,"column":34},"end":{"line":121,"column":43}}},"6":{"name":"(anonymous_7)","decl":{"start":{"line":164,"column":27},"end":{"line":164,"column":32}},"loc":{"start":{"line":164,"column":67},"end":{"line":206,"column":1}}},"7":{"name":"(anonymous_8)","decl":{"start":{"line":209,"column":22},"end":{"line":209,"column":27}},"loc":{"start":{"line":209,"column":62},"end":{"line":247,"column":1}}}},"branchMap":{"0":{"loc":{"start":{"line":38,"column":4},"end":{"line":44,"column":5}},"type":"if","locations":[{"start":{"line":38,"column":4},"end":{"line":44,"column":5}}]},"1":{"loc":{"start":{"line":56,"column":8},"end":{"line":61,"column":9}},"type":"if","locations":[{"start":{"line":56,"column":8},"end":{"line":61,"column":9}}]},"2":{"loc":{"start":{"line":87,"column":4},"end":{"line":92,"column":5}},"type":"if","locations":[{"start":{"line":87,"column":4},"end":{"line":92,"column":5}}]},"3":{"loc":{"start":{"line":128,"column":4},"end":{"line":133,"column":5}},"type":"if","locations":[{"start":{"line":128,"column":4},"end":{"line":133,"column":5}}]},"4":{"loc":{"start":{"line":139,"column":4},"end":{"line":144,"column":5}},"type":"if","locations":[{"start":{"line":139,"column":4},"end":{"line":144,"column":5}}]},"5":{"loc":{"start":{"line":172,"column":4},"end":{"line":177,"column":5}},"type":"if","locations":[{"start":{"line":172,"column":4},"end":{"line":177,"column":5}}]},"6":{"loc":{"start":{"line":183,"column":4},"end":{"line":188,"column":5}},"type":"if","locations":[{"start":{"line":183,"column":4},"end":{"line":188,"column":5}}]},"7":{"loc":{"start":{"line":217,"column":4},"end":{"line":222,"column":5}},"type":"if","locations":[{"start":{"line":217,"column":4},"end":{"line":222,"column":5}}]},"8":{"loc":{"start":{"line":228,"column":4},"end":{"line":233,"column":5}},"type":"if","locations":[{"start":{"line":228,"column":4},"end":{"line":233,"column":5}}]}},"s":{"0":2,"1":2,"2":2,"3":2,"4":1,"5":1,"6":1,"7":1,"8":0,"9":2,"10":2,"11":3,"12":3,"13":3,"14":1,"15":2,"16":2,"17":2,"18":2,"19":2,"20":1,"21":1,"22":0,"23":2,"24":2,"25":4,"26":4,"27":4,"28":4,"29":4,"30":3,"31":1,"32":1,"33":1,"34":1,"35":0,"36":2,"37":2,"38":5,"39":5,"40":5,"41":5,"42":5,"43":5,"44":5,"45":3,"46":2,"47":2,"48":2,"49":1,"50":1,"51":1,"52":1,"53":1,"54":1,"55":0,"56":2,"57":2,"58":3,"59":3,"60":3,"61":1,"62":2,"63":2,"64":2,"65":1,"66":1,"67":1,"68":1,"69":1,"70":1,"71":0,"72":2,"73":2,"74":3,"75":3,"76":3,"77":1,"78":2,"79":2,"80":2,"81":1,"82":1,"83":1,"84":1,"85":1,"86":0,"87":2},"f":{"0":1,"1":3,"2":4,"3":4,"4":5,"5":5,"6":3,"7":3},"b":{"0":[1],"1":[1],"2":[3],"3":[3],"4":[1],"5":[1],"6":[1],"7":[1],"8":[1]}}
,"C:\\Users\\bladi\\OneDrive\\Documentos\\Documentos BCL\\Cursos\\Full-Stack\\Full-Stack FrontEnd\\17 React\\12 Admin Productos_React_TS_PERN\\Backend\\src\\models\\Product.ts": {"path":"C:\\Users\\bladi\\OneDrive\\Documentos\\Documentos BCL\\Cursos\\Full-Stack\\Full-Stack FrontEnd\\17 React\\12 Admin Productos_React_TS_PERN\\Backend\\src\\models\\Product.ts","statementMap":{"0":{"start":{"line":2,"column":0},"end":{"line":2,"column":78}},"1":{"start":{"line":25,"column":0},"end":{"line":41,"column":null}},"2":{"start":{"line":29,"column":12},"end":{"line":29,"column":null}},"3":{"start":{"line":34,"column":12},"end":{"line":34,"column":null}},"4":{"start":{"line":40,"column":12},"end":{"line":40,"column":null}},"5":{"start":{"line":25,"column":6},"end":{"line":41,"column":null}},"6":{"start":{"line":43,"column":0},"end":{"line":43,"column":23}}},"fnMap":{},"branchMap":{},"s":{"0":2,"1":2,"2":2,"3":2,"4":2,"5":2,"6":2},"f":{},"b":{}}
}
