TN:
SF:src\router.ts
FNF:0
FNH:0
DA:2,2
DA:3,2
DA:6,2
DA:9,2
DA:12,2
DA:15,2
DA:18,2
DA:21,2
DA:24,2
DA:26,2
LF:10
LH:10
BRF:0
BRH:0
end_of_record
TN:
SF:src\server.ts
FN:14,connectDB
FN:30,(anonymous_2)
FNF:2
FNH:2
FNDA:2,connectDB
FNDA:1,(anonymous_2)
DA:2,2
DA:3,2
DA:4,2
DA:5,2
DA:8,2
DA:11,2
DA:15,2
DA:16,2
DA:17,1
DA:18,1
DA:19,1
DA:21,0
DA:24,2
DA:27,2
DA:30,2
DA:31,1
DA:37,2
LF:17
LH:16
BRF:0
BRH:0
end_of_record
TN:
SF:src\config\db.ts
FNF:0
FNH:0
DA:2,2
DA:3,2
DA:5,2
DA:16,2
DA:20,2
LF:5
LH:5
BRF:0
BRH:0
end_of_record
TN:
SF:src\handlers\product.ts
FN:8,(anonymous_1)
FN:28,(anonymous_2)
FN:74,(anonymous_3)
FN:83,(anonymous_4)
FN:109,(anonymous_5)
FN:121,(anonymous_6)
FN:164,(anonymous_7)
FN:209,(anonymous_8)
FNF:8
FNH:8
FNDA:1,(anonymous_1)
FNDA:3,(anonymous_2)
FNDA:4,(anonymous_3)
FNDA:4,(anonymous_4)
FNDA:5,(anonymous_5)
FNDA:5,(anonymous_6)
FNDA:3,(anonymous_7)
FNDA:3,(anonymous_8)
DA:3,2
DA:4,2
DA:5,2
DA:8,2
DA:10,1
DA:12,1
DA:15,1
DA:17,1
DA:23,0
DA:28,2
DA:32,3
DA:37,3
DA:38,3
DA:39,1
DA:47,2
DA:49,2
DA:50,2
DA:53,2
DA:56,2
DA:57,1
DA:64,1
DA:69,0
DA:74,2
DA:77,4
DA:80,4
DA:83,4
DA:86,4
DA:87,4
DA:88,3
DA:95,1
DA:96,1
DA:97,1
DA:99,1
DA:104,0
DA:109,2
DA:112,5
DA:115,5
DA:118,5
DA:121,5
DA:123,5
DA:127,5
DA:128,5
DA:129,3
DA:136,2
DA:137,2
DA:139,2
DA:140,1
DA:147,1
DA:150,1
DA:151,1
DA:152,1
DA:154,1
DA:159,0
DA:164,2
DA:167,3
DA:171,3
DA:172,3
DA:173,1
DA:180,2
DA:181,2
DA:183,2
DA:184,1
DA:191,1
DA:194,1
DA:195,1
DA:196,1
DA:198,1
DA:204,0
DA:209,2
DA:212,3
DA:216,3
DA:217,3
DA:218,1
DA:225,2
DA:226,2
DA:228,2
DA:229,1
DA:236,1
DA:237,1
DA:238,1
DA:240,1
DA:245,0
DA:250,2
DA:251,2
DA:252,2
DA:253,2
DA:254,2
DA:255,2
LF:88
LH:82
BRDA:38,0,0,1
BRDA:56,1,0,1
BRDA:87,2,0,3
BRDA:128,3,0,3
BRDA:139,4,0,1
BRDA:172,5,0,1
BRDA:183,6,0,1
BRDA:217,7,0,1
BRDA:228,8,0,1
BRF:9
BRH:9
end_of_record
TN:
SF:src\models\Product.ts
FNF:0
FNH:0
DA:2,2
DA:25,2
DA:29,2
DA:34,2
DA:40,2
DA:43,2
LF:6
LH:6
BRF:0
BRH:0
end_of_record
